<?xml version="1.0" encoding="utf-8"?><testsuites name="pytest tests"><testsuite name="pytest" errors="0" failures="0" skipped="0" tests="25" time="28.946" timestamp="2026-05-10T08:36:00.486206+00:00" hostname="agent-env-31644515-601a-4cdf-9c84-32e32de53ce8"><testcase classname="backend.tests.test_iteration2.TestProfile" name="test_update_profile_name_persists" time="0.526" /><testcase classname="backend.tests.test_iteration2.TestProfile" name="test_change_password_wrong_current_returns_400" time="0.270" /><testcase classname="backend.tests.test_iteration2.TestProfile" name="test_change_password_success_then_login_with_new" time="1.485" /><testcase classname="backend.tests.test_iteration2.TestProfile" name="test_delete_account_admin_blocked" time="0.378" /><testcase classname="backend.tests.test_iteration2.TestProfile" name="test_delete_account_user_succeeds_and_cascades" time="0.620" /><testcase classname="backend.tests.test_iteration2.TestResumeShare" name="test_resume_share_toggle_and_public_get" time="0.455" /><testcase classname="backend.tests.test_iteration2.TestCoverLetters" name="test_cover_letter_full_crud" time="0.569" /><testcase classname="backend.tests.test_iteration2.TestCoverLetters" name="test_cover_letter_unauthenticated_returns_401" time="0.096" /><testcase classname="backend.tests.test_iteration2.TestAICoverLetter" name="test_ai_cover_letter_returns_structured" time="8.872" /><testcase classname="backend.tests.backend_test.TestHealth" name="test_health_root" time="0.124" /><testcase classname="backend.tests.backend_test.TestAuth" name="test_register_creates_user_and_sets_cookies" time="0.333" /><testcase classname="backend.tests.backend_test.TestAuth" name="test_register_duplicate_email_returns_400" time="0.440" /><testcase classname="backend.tests.backend_test.TestAuth" name="test_login_admin_seeded" time="0.333" /><testcase classname="backend.tests.backend_test.TestAuth" name="test_me_returns_user" time="0.379" /><testcase classname="backend.tests.backend_test.TestAuth" name="test_me_unauthenticated_returns_401" time="0.103" /><testcase classname="backend.tests.backend_test.TestAuth" name="test_login_invalid_password_returns_401" time="0.644" /><testcase classname="backend.tests.backend_test.TestAuth" name="test_refresh_token_endpoint" time="0.366" /><testcase classname="backend.tests.backend_test.TestAuth" name="test_logout_clears_session" time="0.477" /><testcase classname="backend.tests.backend_test.TestResumes" name="test_create_list_get_update_delete_resume" time="0.438" /><testcase classname="backend.tests.backend_test.TestResumes" name="test_resume_user_isolation" time="0.982" /><testcase classname="backend.tests.backend_test.TestResumes" name="test_resumes_unauthenticated_returns_401" time="0.097" /><testcase classname="backend.tests.backend_test.TestAI" name="test_ai_objective" time="2.918" /><testcase classname="backend.tests.backend_test.TestAI" name="test_ai_improve_bullet" time="2.086" /><testcase classname="backend.tests.backend_test.TestAI" name="test_ai_score" time="3.759" /><testcase classname="backend.tests.backend_test.TestZBruteForce" name="test_brute_force_lockout" time="2.120" /></testsuite></testsuites>