<?xml version="1.0" encoding="utf-8"?><testsuites name="pytest tests"><testsuite name="pytest" errors="0" failures="0" skipped="0" tests="10" time="26.284" timestamp="2026-05-10T08:52:11.879039+00:00" hostname="agent-env-31644515-601a-4cdf-9c84-32e32de53ce8"><testcase classname="backend.tests.test_iteration3.TestRegressionSmoke" name="test_admin_login" time="0.427" /><testcase classname="backend.tests.test_iteration3.TestRegressionSmoke" name="test_resume_crud_smoke" time="0.514" /><testcase classname="backend.tests.test_iteration3.TestRegressionSmoke" name="test_cover_letter_create_smoke" time="0.096" /><testcase classname="backend.tests.test_iteration3.TestAITailor" name="test_tailor_basic_shape" time="5.565" /><testcase classname="backend.tests.test_iteration3.TestAITailor" name="test_tailor_empty_jd_returns_valid_object" time="9.066" /><testcase classname="backend.tests.test_iteration3.TestAITailor" name="test_tailor_no_experience_or_projects_bullets_empty" time="2.255" /><testcase classname="backend.tests.test_iteration3.TestAITailor" name="test_tailor_unauth_401" time="0.151" /><testcase classname="backend.tests.test_iteration3.TestForgotPasswordStub" name="test_forgot_password_existing_email_logs_stub" time="2.465" /><testcase classname="backend.tests.test_iteration3.TestForgotPasswordStub" name="test_forgot_password_unknown_email_returns_200_no_enumeration" time="1.609" /><testcase classname="backend.tests.test_iteration3.TestForgotPasswordStub" name="test_reset_flow_end_to_end" time="4.049" /></testsuite></testsuites>