<?xml version="1.0" encoding="utf-8"?><testsuites name="pytest tests"><testsuite name="pytest" errors="0" failures="0" skipped="0" tests="15" time="8.189" timestamp="2026-05-10T09:10:09.994909+00:00" hostname="agent-env-31644515-601a-4cdf-9c84-32e32de53ce8"><testcase classname="backend.tests.test_iteration4.TestContactEndpoint" name="test_contact_happy_path" time="0.199" /><testcase classname="backend.tests.test_iteration4.TestContactEndpoint" name="test_contact_logs_stub_when_resend_empty" time="2.168" /><testcase classname="backend.tests.test_iteration4.TestContactEndpoint" name="test_contact_persists_in_mongo" time="0.514" /><testcase classname="backend.tests.test_iteration4.TestContactEndpoint" name="test_contact_missing_email_422" time="0.118" /><testcase classname="backend.tests.test_iteration4.TestContactEndpoint" name="test_contact_invalid_email_422" time="0.099" /><testcase classname="backend.tests.test_iteration4.TestContactEndpoint" name="test_contact_short_message_422" time="0.137" /><testcase classname="backend.tests.test_iteration4.TestContactEndpoint" name="test_contact_missing_name_422" time="0.096" /><testcase classname="backend.tests.test_iteration4.TestSEOStatic" name="test_sitemap_xml_serves_and_contains_new_pages" time="0.099" /><testcase classname="backend.tests.test_iteration4.TestSEOStatic" name="test_robots_txt_serves" time="0.095" /><testcase classname="backend.tests.test_iteration4.TestFrontendPagesReachable" name="test_page_returns_200[/about]" time="0.098" /><testcase classname="backend.tests.test_iteration4.TestFrontendPagesReachable" name="test_page_returns_200[/contact]" time="0.100" /><testcase classname="backend.tests.test_iteration4.TestFrontendPagesReachable" name="test_page_returns_200[/privacy]" time="0.103" /><testcase classname="backend.tests.test_iteration4.TestFrontendPagesReachable" name="test_page_returns_200[/terms]" time="0.103" /><testcase classname="backend.tests.test_iteration4.TestRegressionSmoke" name="test_admin_login_and_resumes_get" time="0.376" /><testcase classname="backend.tests.test_iteration4.TestRegressionSmoke" name="test_ai_tailor_smoke" time="3.809" /></testsuite></testsuites>