<?xml version="1.0" encoding="utf-8"?><testsuites name="pytest tests"><testsuite name="pytest" errors="0" failures="2" skipped="0" tests="16" time="16.648" timestamp="2026-05-10T08:18:49.652113+00:00" hostname="agent-env-31644515-601a-4cdf-9c84-32e32de53ce8"><testcase classname="backend.tests.backend_test.TestHealth" name="test_health_root" time="2.143" /><testcase classname="backend.tests.backend_test.TestAuth" name="test_register_creates_user_and_sets_cookies" time="0.335"><failure message="AssertionError: assert 'test_reg_9f6...esumeforge.ai' == 'TEST_reg_9f6...esumeforge.ai'&#10;  &#10;  - TEST_reg_9f6cd377@resumeforge.ai&#10;  ? ^^^^&#10;  + test_reg_9f6cd377@resumeforge.ai&#10;  ? ^^^^">backend/tests/backend_test.py:60: in test_register_creates_user_and_sets_cookies
    assert data["email"] == email
E   AssertionError: assert 'test_reg_9f6...esumeforge.ai' == 'TEST_reg_9f6...esumeforge.ai'
E     
E     - TEST_reg_9f6cd377@resumeforge.ai
E     ? ^^^^
E     + test_reg_9f6cd377@resumeforge.ai
E     ? ^^^^</failure></testcase><testcase classname="backend.tests.backend_test.TestAuth" name="test_register_duplicate_email_returns_400" time="0.432" /><testcase classname="backend.tests.backend_test.TestAuth" name="test_login_admin_seeded" time="0.323" /><testcase classname="backend.tests.backend_test.TestAuth" name="test_me_returns_user" time="0.366"><failure message="AssertionError: assert 'test_auth_4e...esumeforge.ai' == 'TEST_auth_4e...esumeforge.ai'&#10;  &#10;  - TEST_auth_4e36371f@resumeforge.ai&#10;  ? ^^^^&#10;  + test_auth_4e36371f@resumeforge.ai&#10;  ? ^^^^">backend/tests/backend_test.py:89: in test_me_returns_user
    assert data["email"] == user_session._email
E   AssertionError: assert 'test_auth_4e...esumeforge.ai' == 'TEST_auth_4e...esumeforge.ai'
E     
E     - TEST_auth_4e36371f@resumeforge.ai
E     ? ^^^^
E     + test_auth_4e36371f@resumeforge.ai
E     ? ^^^^</failure></testcase><testcase classname="backend.tests.backend_test.TestAuth" name="test_me_unauthenticated_returns_401" time="0.144" /><testcase classname="backend.tests.backend_test.TestAuth" name="test_login_invalid_password_returns_401" time="0.657" /><testcase classname="backend.tests.backend_test.TestAuth" name="test_refresh_token_endpoint" time="0.383" /><testcase classname="backend.tests.backend_test.TestAuth" name="test_logout_clears_session" time="0.412" /><testcase classname="backend.tests.backend_test.TestResumes" name="test_create_list_get_update_delete_resume" time="0.414" /><testcase classname="backend.tests.backend_test.TestResumes" name="test_resume_user_isolation" time="0.938" /><testcase classname="backend.tests.backend_test.TestResumes" name="test_resumes_unauthenticated_returns_401" time="0.097" /><testcase classname="backend.tests.backend_test.TestAI" name="test_ai_objective" time="1.854" /><testcase classname="backend.tests.backend_test.TestAI" name="test_ai_improve_bullet" time="2.322" /><testcase classname="backend.tests.backend_test.TestAI" name="test_ai_score" time="3.521" /><testcase classname="backend.tests.backend_test.TestZBruteForce" name="test_brute_force_lockout" time="2.057" /></testsuite></testsuites>